0 info it worked if it ends with ok
1 verbose cli [ '/Users/paulchristophe/.nvm/versions/node/v6.1.0/bin/node',
1 verbose cli   '/Users/paulchristophe/.nvm/versions/node/v6.1.0/bin/npm',
1 verbose cli   'run',
1 verbose cli   'start' ]
2 info using npm@3.8.6
3 info using node@v6.1.0
4 verbose run-script [ 'prestart', 'start', 'poststart' ]
5 info lifecycle socketio-es6-starter@1.0.0~prestart: socketio-es6-starter@1.0.0
6 silly lifecycle socketio-es6-starter@1.0.0~prestart: no script for prestart, continuing
7 info lifecycle socketio-es6-starter@1.0.0~start: socketio-es6-starter@1.0.0
8 verbose lifecycle socketio-es6-starter@1.0.0~start: unsafe-perm in lifecycle true
9 verbose lifecycle socketio-es6-starter@1.0.0~start: PATH: /Users/paulchristophe/.nvm/versions/node/v6.1.0/lib/node_modules/npm/bin/node-gyp-bin:/Users/paulchristophe/projects/vrworldqueue/node_modules/.bin:/Users/paulchristophe/.nvm/versions/node/v6.1.0/bin:/Users/paulchristophe/.nvm/versions/node/v6.1.0/bin:/Users/paulchristophe/miniconda3/bin:/Users/paulchristophe/.node/bin:/Users/paulchristophe/.rvm/gems/ruby-2.0.0-p0@spree-marionette/bin:/Users/paulchristophe/.rvm/gems/ruby-2.0.0-p0@global/bin:/Users/paulchristophe/.rvm/rubies/ruby-2.0.0-p0/bin:/Users/paulchristophe/.rvm/bin:/usr/local/bin:/usr/bin:/bin:/usr/sbin:/sbin:/opt/X11/bin:/Applications/clojure:/usr/local/git/bin
10 verbose lifecycle socketio-es6-starter@1.0.0~start: CWD: /Users/paulchristophe/projects/vrworldqueue
11 silly lifecycle socketio-es6-starter@1.0.0~start: Args: [ '-c',
11 silly lifecycle   'babel-node src/server/server.js --presets es2015,stage-0' ]
12 silly lifecycle socketio-es6-starter@1.0.0~start: Returned: code: 1  signal: null
13 info lifecycle socketio-es6-starter@1.0.0~start: Failed to exec start script
14 verbose stack Error: socketio-es6-starter@1.0.0 start: `babel-node src/server/server.js --presets es2015,stage-0`
14 verbose stack Exit status 1
14 verbose stack     at EventEmitter.<anonymous> (/Users/paulchristophe/.nvm/versions/node/v6.1.0/lib/node_modules/npm/lib/utils/lifecycle.js:239:16)
14 verbose stack     at emitTwo (events.js:106:13)
14 verbose stack     at EventEmitter.emit (events.js:191:7)
14 verbose stack     at ChildProcess.<anonymous> (/Users/paulchristophe/.nvm/versions/node/v6.1.0/lib/node_modules/npm/lib/utils/spawn.js:24:14)
14 verbose stack     at emitTwo (events.js:106:13)
14 verbose stack     at ChildProcess.emit (events.js:191:7)
14 verbose stack     at maybeClose (internal/child_process.js:850:16)
14 verbose stack     at Process.ChildProcess._handle.onexit (internal/child_process.js:215:5)
15 verbose pkgid socketio-es6-starter@1.0.0
16 verbose cwd /Users/paulchristophe/projects/vrworldqueue
17 error Darwin 15.4.0
18 error argv "/Users/paulchristophe/.nvm/versions/node/v6.1.0/bin/node" "/Users/paulchristophe/.nvm/versions/node/v6.1.0/bin/npm" "run" "start"
19 error node v6.1.0
20 error npm  v3.8.6
21 error code ELIFECYCLE
22 error socketio-es6-starter@1.0.0 start: `babel-node src/server/server.js --presets es2015,stage-0`
22 error Exit status 1
23 error Failed at the socketio-es6-starter@1.0.0 start script 'babel-node src/server/server.js --presets es2015,stage-0'.
23 error Make sure you have the latest version of node.js and npm installed.
23 error If you do, this is most likely a problem with the socketio-es6-starter package,
23 error not with npm itself.
23 error Tell the author that this fails on your system:
23 error     babel-node src/server/server.js --presets es2015,stage-0
23 error You can get information on how to open an issue for this project with:
23 error     npm bugs socketio-es6-starter
23 error Or if that isn't available, you can get their info via:
23 error     npm owner ls socketio-es6-starter
23 error There is likely additional logging output above.
24 verbose exit [ 1, true ]
